\BOOKMARK [1][-]{section.1}{Introduction}{}% 1
\BOOKMARK [2][-]{subsection.1.1}{Research\040objective}{section.1}% 2
\BOOKMARK [2][-]{subsection.1.2}{Research\040strategy}{section.1}% 3
\BOOKMARK [2][-]{subsection.1.3}{Research\040hypothesis}{section.1}% 4
\BOOKMARK [3][-]{subsubsection.1.3.1}{Preliminary\040research:\0402D\040layered\040ceramic\040composites}{subsection.1.3}% 5
\BOOKMARK [3][-]{subsubsection.1.3.2}{Preliminary\040research:\040fracture\040of\040wavy\040interfaces}{subsection.1.3}% 6
\BOOKMARK [2][-]{subsection.1.4}{Rationale\040underlying\040our\040research\040strategy}{section.1}% 7
\BOOKMARK [1][-]{section.2}{Technical\040Background}{}% 8
\BOOKMARK [2][-]{subsection.2.1}{Technical\040details\040of\040RVFT}{section.2}% 9
\BOOKMARK [2][-]{subsection.2.2}{Technical\040problem\040statement:\040``crack\040broadening''}{section.2}% 10
\BOOKMARK [1][-]{section.3}{Proposed\040research:\040aims\040and\040tasks}{}% 11
\BOOKMARK [2][-]{subsection.3.1}{Aim\0401:\040Develop\040a\040new\040variational\040fracture\040theory\040and\040computational\040framework\040that\040are\040capable\040of\040robustly\040simulating\040crack\040topology\040changes}{section.3}% 12
\BOOKMARK [3][-]{subsubsection.3.1.1}{Aim\0401\040Task\0401:\040Develop\040a\040new\040RVFT\040that\040will\040be\040free\040of\040the\040problem\040of\040crack\040broadening}{subsection.3.1}% 13
\BOOKMARK [3][-]{subsubsection.3.1.2}{Aim\0401\040Task\0402:\040Numerically\040implement\040aRVFT}{subsection.3.1}% 14
\BOOKMARK [3][-]{subsubsection.3.1.3}{Aim\0401\040Task\0403:\040Simulate\040well\040studied\040linear\040elastic\040fracture\040mechanics\040problems\040and\040well\040known\040experimental\040fracture\040tests\040using\040the\040computational\040tools\040developed\040in\040Aim\0401\040Task\0402.}{subsection.3.1}% 15
\BOOKMARK [2][-]{subsection.3.2}{Aim\0402:\040Evaluate\040the\040predictive\040potential\040of\040the\040aRVFT\040through\040experimental\040comparison}{section.3}% 16
\BOOKMARK [3][-]{subsubsection.3.2.1}{Aim\0402\040Task\0401:\040Build\040an\040aRVFT\040computational\040model\040for\040the\040spicule}{subsection.3.2}% 17
\BOOKMARK [3][-]{subsubsection.3.2.2}{Aim\0402\040Task\0402:\040Characterize\040the\040spicules'\040failure\040behavior}{subsection.3.2}% 18
\BOOKMARK [3][-]{subsubsection.3.2.3}{Aim\0402\040Task\0403:\040Compare\040the\040measurements\040to\040the\040aRVFT\040tool's\040predictions}{subsection.3.2}% 19
\BOOKMARK [1][-]{section.4}{Broader\040impacts\040of\040the\040proposed\040work}{}% 20
\BOOKMARK [1][-]{section.5}{Results\040from\040prior\040NSF\040support}{}% 21
\BOOKMARK [1][-]{section.6}{Additional\040details:\040evaluating\040suitability\040of\040CZ\040methods\040and\040XFEM\040for\040pursuing\040the\040research\040objective}{}% 22
\BOOKMARK [2][-]{subsection.6.1}{Cohesive\040zone\040methods}{section.6}% 23
\BOOKMARK [2][-]{subsection.6.2}{Extended\040Finite\040Element\040methods\040\(XFEM\)}{section.6}% 24
